Connecting to database specified by database.yml


Started GET "/assets/rails.png" for 10.0.2.2 at 2013-06-30 06:44:23 -0400
Served asset /rails.png - 200 OK (4ms)
Connecting to database specified by database.yml


Started GET "/assets/rails.png" for 10.0.2.2 at 2013-06-30 07:17:53 -0400
Served asset /rails.png - 304 Not Modified (5ms)


Started GET "/assets/rails.png" for 10.0.2.2 at 2013-06-30 07:17:57 -0400
Served asset /rails.png - 304 Not Modified (0ms)


Started GET "/assets/rails.png" for 10.0.2.2 at 2013-06-30 07:17:58 -0400
Served asset /rails.png - 304 Not Modified (0ms)


Started GET "/assets/rails.png" for 10.0.2.2 at 2013-06-30 07:17:59 -0400
Served asset /rails.png - 304 Not Modified (0ms)


Started GET "/assets/rails.png" for 10.0.2.2 at 2013-06-30 07:17:59 -0400
Served asset /rails.png - 304 Not Modified (0ms)


Started GET "/assets/rails.png" for 10.0.2.2 at 2013-06-30 07:18:00 -0400
Served asset /rails.png - 304 Not Modified (0ms)
Connecting to database specified by database.yml


Started GET "/assets/rails.png" for 10.0.2.2 at 2013-06-30 07:21:18 -0400
Served asset /rails.png - 304 Not Modified (1ms)
Connecting to database specified by database.yml


Started GET "/assets/rails.png" for 10.0.2.2 at 2013-06-30 07:28:44 -0400
Served asset /rails.png - 304 Not Modified (2ms)
Connecting to database specified by database.yml


Started GET "/assets/rails.png" for 10.0.2.2 at 2013-06-30 07:29:05 -0400
Served asset /rails.png - 304 Not Modified (1ms)


Started GET "/assets/rails.png" for 10.0.2.2 at 2013-06-30 07:29:11 -0400
Served asset /rails.png - 304 Not Modified (0ms)


Started GET "/home" for 10.0.2.2 at 2013-06-30 07:29:15 -0400

ActionController::RoutingError (No route matches [GET] "/home"):
  actionpack (3.2.13) lib/action_dispatch/middleware/debug_exceptions.rb:21:in `call'
  actionpack (3.2.13) lib/action_dispatch/middleware/show_exceptions.rb:56:in `call'
  railties (3.2.13) lib/rails/rack/logger.rb:32:in `call_app'
  railties (3.2.13) lib/rails/rack/logger.rb:16:in `block in call'
  activesupport (3.2.13) lib/active_support/tagged_logging.rb:22:in `tagged'
  railties (3.2.13) lib/rails/rack/logger.rb:16:in `call'
  actionpack (3.2.13) lib/action_dispatch/middleware/request_id.rb:22:in `call'
  rack (1.4.5) lib/rack/methodoverride.rb:21:in `call'
  rack (1.4.5) lib/rack/runtime.rb:17:in `call'
  activesupport (3.2.13) lib/active_support/cache/strategy/local_cache.rb:72:in `call'
  rack (1.4.5) lib/rack/lock.rb:15:in `call'
  actionpack (3.2.13) lib/action_dispatch/middleware/static.rb:63:in `call'
  railties (3.2.13) lib/rails/engine.rb:479:in `call'
  railties (3.2.13) lib/rails/application.rb:223:in `call'
  rack (1.4.5) lib/rack/content_length.rb:14:in `call'
  railties (3.2.13) lib/rails/rack/log_tailer.rb:17:in `call'
  rack (1.4.5) lib/rack/handler/webrick.rb:59:in `service'
  /home/vagrant/.rbenv/versions/1.9.3-p392/lib/ruby/1.9.1/webrick/httpserver.rb:138:in `service'
  /home/vagrant/.rbenv/versions/1.9.3-p392/lib/ruby/1.9.1/webrick/httpserver.rb:94:in `run'
  /home/vagrant/.rbenv/versions/1.9.3-p392/lib/ruby/1.9.1/webrick/server.rb:191:in `block in start_thread'


  Rendered /home/vagrant/.rbenv/versions/1.9.3-p392/lib/ruby/gems/1.9.1/gems/actionpack-3.2.13/lib/action_dispatch/middleware/templates/rescues/routing_error.erb within rescues/layout (3.0ms)


Started GET "/assets/rails.png" for 10.0.2.2 at 2013-06-30 07:29:20 -0400
Served asset /rails.png - 304 Not Modified (0ms)
Connecting to database specified by database.yml


Started GET "/" for 10.0.2.2 at 2013-06-30 07:29:38 -0400

ActionController::RoutingError (uninitialized constant WelcomeController):
  activesupport (3.2.13) lib/active_support/inflector/methods.rb:230:in `block in constantize'
  activesupport (3.2.13) lib/active_support/inflector/methods.rb:229:in `each'
  activesupport (3.2.13) lib/active_support/inflector/methods.rb:229:in `constantize'
  actionpack (3.2.13) lib/action_dispatch/routing/route_set.rb:69:in `controller_reference'
  actionpack (3.2.13) lib/action_dispatch/routing/route_set.rb:54:in `controller'
  actionpack (3.2.13) lib/action_dispatch/routing/route_set.rb:32:in `call'
  journey (1.0.4) lib/journey/router.rb:68:in `block in call'
  journey (1.0.4) lib/journey/router.rb:56:in `each'
  journey (1.0.4) lib/journey/router.rb:56:in `call'
  actionpack (3.2.13) lib/action_dispatch/routing/route_set.rb:612:in `call'
  actionpack (3.2.13) lib/action_dispatch/middleware/best_standards_support.rb:17:in `call'
  rack (1.4.5) lib/rack/etag.rb:23:in `call'
  rack (1.4.5) lib/rack/conditionalget.rb:25:in `call'
  actionpack (3.2.13) lib/action_dispatch/middleware/head.rb:14:in `call'
  actionpack (3.2.13) lib/action_dispatch/middleware/params_parser.rb:21:in `call'
  actionpack (3.2.13) lib/action_dispatch/middleware/flash.rb:242:in `call'
  rack (1.4.5) lib/rack/session/abstract/id.rb:210:in `context'
  rack (1.4.5) lib/rack/session/abstract/id.rb:205:in `call'
  actionpack (3.2.13) lib/action_dispatch/middleware/cookies.rb:341:in `call'
  activerecord (3.2.13) lib/active_record/query_cache.rb:64:in `call'
  activerecord (3.2.13) lib/active_record/connection_adapters/abstract/connection_pool.rb:479:in `call'
  actionpack (3.2.13) lib/action_dispatch/middleware/callbacks.rb:28:in `block in call'
  activesupport (3.2.13) lib/active_support/callbacks.rb:405:in `_run__517680501__call__196212582__callbacks'
  activesupport (3.2.13) lib/active_support/callbacks.rb:405:in `__run_callback'
  activesupport (3.2.13) lib/active_support/callbacks.rb:385:in `_run_call_callbacks'
  activesupport (3.2.13) lib/active_support/callbacks.rb:81:in `run_callbacks'
  actionpack (3.2.13) lib/action_dispatch/middleware/callbacks.rb:27:in `call'
  actionpack (3.2.13) lib/action_dispatch/middleware/reloader.rb:65:in `call'
  actionpack (3.2.13) lib/action_dispatch/middleware/remote_ip.rb:31:in `call'
  actionpack (3.2.13) lib/action_dispatch/middleware/debug_exceptions.rb:16:in `call'
  actionpack (3.2.13) lib/action_dispatch/middleware/show_exceptions.rb:56:in `call'
  railties (3.2.13) lib/rails/rack/logger.rb:32:in `call_app'
  railties (3.2.13) lib/rails/rack/logger.rb:16:in `block in call'
  activesupport (3.2.13) lib/active_support/tagged_logging.rb:22:in `tagged'
  railties (3.2.13) lib/rails/rack/logger.rb:16:in `call'
  actionpack (3.2.13) lib/action_dispatch/middleware/request_id.rb:22:in `call'
  rack (1.4.5) lib/rack/methodoverride.rb:21:in `call'
  rack (1.4.5) lib/rack/runtime.rb:17:in `call'
  activesupport (3.2.13) lib/active_support/cache/strategy/local_cache.rb:72:in `call'
  rack (1.4.5) lib/rack/lock.rb:15:in `call'
  actionpack (3.2.13) lib/action_dispatch/middleware/static.rb:63:in `call'
  railties (3.2.13) lib/rails/engine.rb:479:in `call'
  railties (3.2.13) lib/rails/application.rb:223:in `call'
  rack (1.4.5) lib/rack/content_length.rb:14:in `call'
  railties (3.2.13) lib/rails/rack/log_tailer.rb:17:in `call'
  rack (1.4.5) lib/rack/handler/webrick.rb:59:in `service'
  /home/vagrant/.rbenv/versions/1.9.3-p392/lib/ruby/1.9.1/webrick/httpserver.rb:138:in `service'
  /home/vagrant/.rbenv/versions/1.9.3-p392/lib/ruby/1.9.1/webrick/httpserver.rb:94:in `run'
  /home/vagrant/.rbenv/versions/1.9.3-p392/lib/ruby/1.9.1/webrick/server.rb:191:in `block in start_thread'


  Rendered /home/vagrant/.rbenv/versions/1.9.3-p392/lib/ruby/gems/1.9.1/gems/actionpack-3.2.13/lib/action_dispatch/middleware/templates/rescues/routing_error.erb within rescues/layout (2.4ms)
Connecting to database specified by database.yml


Started GET "/" for 10.0.2.2 at 2013-06-30 07:30:52 -0400
Processing by WelcomeController#index as HTML
Completed 500 Internal Server Error in 51ms

ActionView::MissingTemplate (Missing template welcome/index, application/index with {:locale=>[:en], :formats=>[:html], :handlers=>[:erb, :builder, :coffee, :haml]}. Searched in:
  * "/home/vagrant/github/biimail/app/views"
  * "/home/vagrant/.rbenv/versions/1.9.3-p392/lib/ruby/gems/1.9.1/gems/twitter-bootstrap-rails-2.2.7/app/views"
):
  actionpack (3.2.13) lib/action_view/path_set.rb:58:in `find'
  actionpack (3.2.13) lib/action_view/lookup_context.rb:109:in `find'
  actionpack (3.2.13) lib/action_view/renderer/abstract_renderer.rb:3:in `find_template'
  actionpack (3.2.13) lib/action_view/renderer/template_renderer.rb:34:in `determine_template'
  actionpack (3.2.13) lib/action_view/renderer/template_renderer.rb:10:in `render'
  actionpack (3.2.13) lib/action_view/renderer/renderer.rb:36:in `render_template'
  actionpack (3.2.13) lib/action_view/renderer/renderer.rb:17:in `render'
  actionpack (3.2.13) lib/abstract_controller/rendering.rb:110:in `_render_template'
  actionpack (3.2.13) lib/action_controller/metal/streaming.rb:225:in `_render_template'
  actionpack (3.2.13) lib/abstract_controller/rendering.rb:103:in `render_to_body'
  actionpack (3.2.13) lib/action_controller/metal/renderers.rb:28:in `render_to_body'
  actionpack (3.2.13) lib/action_controller/metal/compatibility.rb:50:in `render_to_body'
  actionpack (3.2.13) lib/abstract_controller/rendering.rb:88:in `render'
  actionpack (3.2.13) lib/action_controller/metal/rendering.rb:16:in `render'
  actionpack (3.2.13) lib/action_controller/metal/instrumentation.rb:40:in `block (2 levels) in render'
  activesupport (3.2.13) lib/active_support/core_ext/benchmark.rb:5:in `block in ms'
  /home/vagrant/.rbenv/versions/1.9.3-p392/lib/ruby/1.9.1/benchmark.rb:295:in `realtime'
  activesupport (3.2.13) lib/active_support/core_ext/benchmark.rb:5:in `ms'
  actionpack (3.2.13) lib/action_controller/metal/instrumentation.rb:40:in `block in render'
  actionpack (3.2.13) lib/action_controller/metal/instrumentation.rb:83:in `cleanup_view_runtime'
  activerecord (3.2.13) lib/active_record/railties/controller_runtime.rb:24:in `cleanup_view_runtime'
  actionpack (3.2.13) lib/action_controller/metal/instrumentation.rb:39:in `render'
  actionpack (3.2.13) lib/action_controller/metal/implicit_render.rb:10:in `default_render'
  actionpack (3.2.13) lib/action_controller/metal/implicit_render.rb:5:in `send_action'
  actionpack (3.2.13) lib/abstract_controller/base.rb:167:in `process_action'
  actionpack (3.2.13) lib/action_controller/metal/rendering.rb:10:in `process_action'
  actionpack (3.2.13) lib/abstract_controller/callbacks.rb:18:in `block in process_action'
  activesupport (3.2.13) lib/active_support/callbacks.rb:414:in `_run__275818266__process_action__520258291__callbacks'
  activesupport (3.2.13) lib/active_support/callbacks.rb:405:in `__run_callback'
  activesupport (3.2.13) lib/active_support/callbacks.rb:385:in `_run_process_action_callbacks'
  activesupport (3.2.13) lib/active_support/callbacks.rb:81:in `run_callbacks'
  actionpack (3.2.13) lib/abstract_controller/callbacks.rb:17:in `process_action'
  actionpack (3.2.13) lib/action_controller/metal/rescue.rb:29:in `process_action'
  actionpack (3.2.13) lib/action_controller/metal/instrumentation.rb:30:in `block in process_action'
  activesupport (3.2.13) lib/active_support/notifications.rb:123:in `block in instrument'
  activesupport (3.2.13) lib/active_support/notifications/instrumenter.rb:20:in `instrument'
  activesupport (3.2.13) lib/active_support/notifications.rb:123:in `instrument'
  actionpack (3.2.13) lib/action_controller/metal/instrumentation.rb:29:in `process_action'
  actionpack (3.2.13) lib/action_controller/metal/params_wrapper.rb:207:in `process_action'
  activerecord (3.2.13) lib/active_record/railties/controller_runtime.rb:18:in `process_action'
  actionpack (3.2.13) lib/abstract_controller/base.rb:121:in `process'
  actionpack (3.2.13) lib/abstract_controller/rendering.rb:45:in `process'
  actionpack (3.2.13) lib/action_controller/metal.rb:203:in `dispatch'
  actionpack (3.2.13) lib/action_controller/metal/rack_delegation.rb:14:in `dispatch'
  actionpack (3.2.13) lib/action_controller/metal.rb:246:in `block in action'
  actionpack (3.2.13) lib/action_dispatch/routing/route_set.rb:73:in `call'
  actionpack (3.2.13) lib/action_dispatch/routing/route_set.rb:73:in `dispatch'
  actionpack (3.2.13) lib/action_dispatch/routing/route_set.rb:36:in `call'
  journey (1.0.4) lib/journey/router.rb:68:in `block in call'
  journey (1.0.4) lib/journey/router.rb:56:in `each'
  journey (1.0.4) lib/journey/router.rb:56:in `call'
  actionpack (3.2.13) lib/action_dispatch/routing/route_set.rb:612:in `call'
  actionpack (3.2.13) lib/action_dispatch/middleware/best_standards_support.rb:17:in `call'
  rack (1.4.5) lib/rack/etag.rb:23:in `call'
  rack (1.4.5) lib/rack/conditionalget.rb:25:in `call'
  actionpack (3.2.13) lib/action_dispatch/middleware/head.rb:14:in `call'
  actionpack (3.2.13) lib/action_dispatch/middleware/params_parser.rb:21:in `call'
  actionpack (3.2.13) lib/action_dispatch/middleware/flash.rb:242:in `call'
  rack (1.4.5) lib/rack/session/abstract/id.rb:210:in `context'
  rack (1.4.5) lib/rack/session/abstract/id.rb:205:in `call'
  actionpack (3.2.13) lib/action_dispatch/middleware/cookies.rb:341:in `call'
  activerecord (3.2.13) lib/active_record/query_cache.rb:64:in `call'
  activerecord (3.2.13) lib/active_record/connection_adapters/abstract/connection_pool.rb:479:in `call'
  actionpack (3.2.13) lib/action_dispatch/middleware/callbacks.rb:28:in `block in call'
  activesupport (3.2.13) lib/active_support/callbacks.rb:405:in `_run__96674215__call__151862722__callbacks'
  activesupport (3.2.13) lib/active_support/callbacks.rb:405:in `__run_callback'
  activesupport (3.2.13) lib/active_support/callbacks.rb:385:in `_run_call_callbacks'
  activesupport (3.2.13) lib/active_support/callbacks.rb:81:in `run_callbacks'
  actionpack (3.2.13) lib/action_dispatch/middleware/callbacks.rb:27:in `call'
  actionpack (3.2.13) lib/action_dispatch/middleware/reloader.rb:65:in `call'
  actionpack (3.2.13) lib/action_dispatch/middleware/remote_ip.rb:31:in `call'
  actionpack (3.2.13) lib/action_dispatch/middleware/debug_exceptions.rb:16:in `call'
  actionpack (3.2.13) lib/action_dispatch/middleware/show_exceptions.rb:56:in `call'
  railties (3.2.13) lib/rails/rack/logger.rb:32:in `call_app'
  railties (3.2.13) lib/rails/rack/logger.rb:16:in `block in call'
  activesupport (3.2.13) lib/active_support/tagged_logging.rb:22:in `tagged'
  railties (3.2.13) lib/rails/rack/logger.rb:16:in `call'
  actionpack (3.2.13) lib/action_dispatch/middleware/request_id.rb:22:in `call'
  rack (1.4.5) lib/rack/methodoverride.rb:21:in `call'
  rack (1.4.5) lib/rack/runtime.rb:17:in `call'
  activesupport (3.2.13) lib/active_support/cache/strategy/local_cache.rb:72:in `call'
  rack (1.4.5) lib/rack/lock.rb:15:in `call'
  actionpack (3.2.13) lib/action_dispatch/middleware/static.rb:63:in `call'
  railties (3.2.13) lib/rails/engine.rb:479:in `call'
  railties (3.2.13) lib/rails/application.rb:223:in `call'
  rack (1.4.5) lib/rack/content_length.rb:14:in `call'
  railties (3.2.13) lib/rails/rack/log_tailer.rb:17:in `call'
  rack (1.4.5) lib/rack/handler/webrick.rb:59:in `service'
  /home/vagrant/.rbenv/versions/1.9.3-p392/lib/ruby/1.9.1/webrick/httpserver.rb:138:in `service'
  /home/vagrant/.rbenv/versions/1.9.3-p392/lib/ruby/1.9.1/webrick/httpserver.rb:94:in `run'
  /home/vagrant/.rbenv/versions/1.9.3-p392/lib/ruby/1.9.1/webrick/server.rb:191:in `block in start_thread'


  Rendered /home/vagrant/.rbenv/versions/1.9.3-p392/lib/ruby/gems/1.9.1/gems/actionpack-3.2.13/lib/action_dispatch/middleware/templates/rescues/missing_template.erb within rescues/layout (14.3ms)
Connecting to database specified by database.yml


Started GET "/" for 10.0.2.2 at 2013-06-30 07:31:26 -0400
Processing by WelcomeController#index as HTML
Completed 500 Internal Server Error in 48ms

ActionView::MissingTemplate (Missing template welcome/index, application/index with {:locale=>[:en], :formats=>[:html], :handlers=>[:erb, :builder, :coffee, :haml]}. Searched in:
  * "/home/vagrant/github/biimail/app/views"
  * "/home/vagrant/.rbenv/versions/1.9.3-p392/lib/ruby/gems/1.9.1/gems/twitter-bootstrap-rails-2.2.7/app/views"
):
  actionpack (3.2.13) lib/action_view/path_set.rb:58:in `find'
  actionpack (3.2.13) lib/action_view/lookup_context.rb:109:in `find'
  actionpack (3.2.13) lib/action_view/renderer/abstract_renderer.rb:3:in `find_template'
  actionpack (3.2.13) lib/action_view/renderer/template_renderer.rb:34:in `determine_template'
  actionpack (3.2.13) lib/action_view/renderer/template_renderer.rb:10:in `render'
  actionpack (3.2.13) lib/action_view/renderer/renderer.rb:36:in `render_template'
  actionpack (3.2.13) lib/action_view/renderer/renderer.rb:17:in `render'
  actionpack (3.2.13) lib/abstract_controller/rendering.rb:110:in `_render_template'
  actionpack (3.2.13) lib/action_controller/metal/streaming.rb:225:in `_render_template'
  actionpack (3.2.13) lib/abstract_controller/rendering.rb:103:in `render_to_body'
  actionpack (3.2.13) lib/action_controller/metal/renderers.rb:28:in `render_to_body'
  actionpack (3.2.13) lib/action_controller/metal/compatibility.rb:50:in `render_to_body'
  actionpack (3.2.13) lib/abstract_controller/rendering.rb:88:in `render'
  actionpack (3.2.13) lib/action_controller/metal/rendering.rb:16:in `render'
  actionpack (3.2.13) lib/action_controller/metal/instrumentation.rb:40:in `block (2 levels) in render'
  activesupport (3.2.13) lib/active_support/core_ext/benchmark.rb:5:in `block in ms'
  /home/vagrant/.rbenv/versions/1.9.3-p392/lib/ruby/1.9.1/benchmark.rb:295:in `realtime'
  activesupport (3.2.13) lib/active_support/core_ext/benchmark.rb:5:in `ms'
  actionpack (3.2.13) lib/action_controller/metal/instrumentation.rb:40:in `block in render'
  actionpack (3.2.13) lib/action_controller/metal/instrumentation.rb:83:in `cleanup_view_runtime'
  activerecord (3.2.13) lib/active_record/railties/controller_runtime.rb:24:in `cleanup_view_runtime'
  actionpack (3.2.13) lib/action_controller/metal/instrumentation.rb:39:in `render'
  actionpack (3.2.13) lib/action_controller/metal/implicit_render.rb:10:in `default_render'
  actionpack (3.2.13) lib/action_controller/metal/implicit_render.rb:5:in `send_action'
  actionpack (3.2.13) lib/abstract_controller/base.rb:167:in `process_action'
  actionpack (3.2.13) lib/action_controller/metal/rendering.rb:10:in `process_action'
  actionpack (3.2.13) lib/abstract_controller/callbacks.rb:18:in `block in process_action'
  activesupport (3.2.13) lib/active_support/callbacks.rb:414:in `_run__5653013__process_action__110766528__callbacks'
  activesupport (3.2.13) lib/active_support/callbacks.rb:405:in `__run_callback'
  activesupport (3.2.13) lib/active_support/callbacks.rb:385:in `_run_process_action_callbacks'
  activesupport (3.2.13) lib/active_support/callbacks.rb:81:in `run_callbacks'
  actionpack (3.2.13) lib/abstract_controller/callbacks.rb:17:in `process_action'
  actionpack (3.2.13) lib/action_controller/metal/rescue.rb:29:in `process_action'
  actionpack (3.2.13) lib/action_controller/metal/instrumentation.rb:30:in `block in process_action'
  activesupport (3.2.13) lib/active_support/notifications.rb:123:in `block in instrument'
  activesupport (3.2.13) lib/active_support/notifications/instrumenter.rb:20:in `instrument'
  activesupport (3.2.13) lib/active_support/notifications.rb:123:in `instrument'
  actionpack (3.2.13) lib/action_controller/metal/instrumentation.rb:29:in `process_action'
  actionpack (3.2.13) lib/action_controller/metal/params_wrapper.rb:207:in `process_action'
  activerecord (3.2.13) lib/active_record/railties/controller_runtime.rb:18:in `process_action'
  actionpack (3.2.13) lib/abstract_controller/base.rb:121:in `process'
  actionpack (3.2.13) lib/abstract_controller/rendering.rb:45:in `process'
  actionpack (3.2.13) lib/action_controller/metal.rb:203:in `dispatch'
  actionpack (3.2.13) lib/action_controller/metal/rack_delegation.rb:14:in `dispatch'
  actionpack (3.2.13) lib/action_controller/metal.rb:246:in `block in action'
  actionpack (3.2.13) lib/action_dispatch/routing/route_set.rb:73:in `call'
  actionpack (3.2.13) lib/action_dispatch/routing/route_set.rb:73:in `dispatch'
  actionpack (3.2.13) lib/action_dispatch/routing/route_set.rb:36:in `call'
  journey (1.0.4) lib/journey/router.rb:68:in `block in call'
  journey (1.0.4) lib/journey/router.rb:56:in `each'
  journey (1.0.4) lib/journey/router.rb:56:in `call'
  actionpack (3.2.13) lib/action_dispatch/routing/route_set.rb:612:in `call'
  actionpack (3.2.13) lib/action_dispatch/middleware/best_standards_support.rb:17:in `call'
  rack (1.4.5) lib/rack/etag.rb:23:in `call'
  rack (1.4.5) lib/rack/conditionalget.rb:25:in `call'
  actionpack (3.2.13) lib/action_dispatch/middleware/head.rb:14:in `call'
  actionpack (3.2.13) lib/action_dispatch/middleware/params_parser.rb:21:in `call'
  actionpack (3.2.13) lib/action_dispatch/middleware/flash.rb:242:in `call'
  rack (1.4.5) lib/rack/session/abstract/id.rb:210:in `context'
  rack (1.4.5) lib/rack/session/abstract/id.rb:205:in `call'
  actionpack (3.2.13) lib/action_dispatch/middleware/cookies.rb:341:in `call'
  activerecord (3.2.13) lib/active_record/query_cache.rb:64:in `call'
  activerecord (3.2.13) lib/active_record/connection_adapters/abstract/connection_pool.rb:479:in `call'
  actionpack (3.2.13) lib/action_dispatch/middleware/callbacks.rb:28:in `block in call'
  activesupport (3.2.13) lib/active_support/callbacks.rb:405:in `_run__116643313__call__657339367__callbacks'
  activesupport (3.2.13) lib/active_support/callbacks.rb:405:in `__run_callback'
  activesupport (3.2.13) lib/active_support/callbacks.rb:385:in `_run_call_callbacks'
  activesupport (3.2.13) lib/active_support/callbacks.rb:81:in `run_callbacks'
  actionpack (3.2.13) lib/action_dispatch/middleware/callbacks.rb:27:in `call'
  actionpack (3.2.13) lib/action_dispatch/middleware/reloader.rb:65:in `call'
  actionpack (3.2.13) lib/action_dispatch/middleware/remote_ip.rb:31:in `call'
  actionpack (3.2.13) lib/action_dispatch/middleware/debug_exceptions.rb:16:in `call'
  actionpack (3.2.13) lib/action_dispatch/middleware/show_exceptions.rb:56:in `call'
  railties (3.2.13) lib/rails/rack/logger.rb:32:in `call_app'
  railties (3.2.13) lib/rails/rack/logger.rb:16:in `block in call'
  activesupport (3.2.13) lib/active_support/tagged_logging.rb:22:in `tagged'
  railties (3.2.13) lib/rails/rack/logger.rb:16:in `call'
  actionpack (3.2.13) lib/action_dispatch/middleware/request_id.rb:22:in `call'
  rack (1.4.5) lib/rack/methodoverride.rb:21:in `call'
  rack (1.4.5) lib/rack/runtime.rb:17:in `call'
  activesupport (3.2.13) lib/active_support/cache/strategy/local_cache.rb:72:in `call'
  rack (1.4.5) lib/rack/lock.rb:15:in `call'
  actionpack (3.2.13) lib/action_dispatch/middleware/static.rb:63:in `call'
  railties (3.2.13) lib/rails/engine.rb:479:in `call'
  railties (3.2.13) lib/rails/application.rb:223:in `call'
  rack (1.4.5) lib/rack/content_length.rb:14:in `call'
  railties (3.2.13) lib/rails/rack/log_tailer.rb:17:in `call'
  rack (1.4.5) lib/rack/handler/webrick.rb:59:in `service'
  /home/vagrant/.rbenv/versions/1.9.3-p392/lib/ruby/1.9.1/webrick/httpserver.rb:138:in `service'
  /home/vagrant/.rbenv/versions/1.9.3-p392/lib/ruby/1.9.1/webrick/httpserver.rb:94:in `run'
  /home/vagrant/.rbenv/versions/1.9.3-p392/lib/ruby/1.9.1/webrick/server.rb:191:in `block in start_thread'


  Rendered /home/vagrant/.rbenv/versions/1.9.3-p392/lib/ruby/gems/1.9.1/gems/actionpack-3.2.13/lib/action_dispatch/middleware/templates/rescues/missing_template.erb within rescues/layout (12.4ms)


Started GET "/" for 10.0.2.2 at 2013-06-30 07:31:28 -0400
Processing by WelcomeController#index as HTML
Completed 500 Internal Server Error in 3ms

ActionView::MissingTemplate (Missing template welcome/index, application/index with {:locale=>[:en], :formats=>[:html], :handlers=>[:erb, :builder, :coffee, :haml]}. Searched in:
  * "/home/vagrant/github/biimail/app/views"
  * "/home/vagrant/.rbenv/versions/1.9.3-p392/lib/ruby/gems/1.9.1/gems/twitter-bootstrap-rails-2.2.7/app/views"
):
  actionpack (3.2.13) lib/action_view/path_set.rb:58:in `find'
  actionpack (3.2.13) lib/action_view/lookup_context.rb:109:in `find'
  actionpack (3.2.13) lib/action_view/renderer/abstract_renderer.rb:3:in `find_template'
  actionpack (3.2.13) lib/action_view/renderer/template_renderer.rb:34:in `determine_template'
  actionpack (3.2.13) lib/action_view/renderer/template_renderer.rb:10:in `render'
  actionpack (3.2.13) lib/action_view/renderer/renderer.rb:36:in `render_template'
  actionpack (3.2.13) lib/action_view/renderer/renderer.rb:17:in `render'
  actionpack (3.2.13) lib/abstract_controller/rendering.rb:110:in `_render_template'
  actionpack (3.2.13) lib/action_controller/metal/streaming.rb:225:in `_render_template'
  actionpack (3.2.13) lib/abstract_controller/rendering.rb:103:in `render_to_body'
  actionpack (3.2.13) lib/action_controller/metal/renderers.rb:28:in `render_to_body'
  actionpack (3.2.13) lib/action_controller/metal/compatibility.rb:50:in `render_to_body'
  actionpack (3.2.13) lib/abstract_controller/rendering.rb:88:in `render'
  actionpack (3.2.13) lib/action_controller/metal/rendering.rb:16:in `render'
  actionpack (3.2.13) lib/action_controller/metal/instrumentation.rb:40:in `block (2 levels) in render'
  activesupport (3.2.13) lib/active_support/core_ext/benchmark.rb:5:in `block in ms'
  /home/vagrant/.rbenv/versions/1.9.3-p392/lib/ruby/1.9.1/benchmark.rb:295:in `realtime'
  activesupport (3.2.13) lib/active_support/core_ext/benchmark.rb:5:in `ms'
  actionpack (3.2.13) lib/action_controller/metal/instrumentation.rb:40:in `block in render'
  actionpack (3.2.13) lib/action_controller/metal/instrumentation.rb:83:in `cleanup_view_runtime'
  activerecord (3.2.13) lib/active_record/railties/controller_runtime.rb:24:in `cleanup_view_runtime'
  actionpack (3.2.13) lib/action_controller/metal/instrumentation.rb:39:in `render'
  actionpack (3.2.13) lib/action_controller/metal/implicit_render.rb:10:in `default_render'
  actionpack (3.2.13) lib/action_controller/metal/implicit_render.rb:5:in `send_action'
  actionpack (3.2.13) lib/abstract_controller/base.rb:167:in `process_action'
  actionpack (3.2.13) lib/action_controller/metal/rendering.rb:10:in `process_action'
  actionpack (3.2.13) lib/abstract_controller/callbacks.rb:18:in `block in process_action'
  activesupport (3.2.13) lib/active_support/callbacks.rb:414:in `_run__5653013__process_action__110766528__callbacks'
  activesupport (3.2.13) lib/active_support/callbacks.rb:405:in `__run_callback'
  activesupport (3.2.13) lib/active_support/callbacks.rb:385:in `_run_process_action_callbacks'
  activesupport (3.2.13) lib/active_support/callbacks.rb:81:in `run_callbacks'
  actionpack (3.2.13) lib/abstract_controller/callbacks.rb:17:in `process_action'
  actionpack (3.2.13) lib/action_controller/metal/rescue.rb:29:in `process_action'
  actionpack (3.2.13) lib/action_controller/metal/instrumentation.rb:30:in `block in process_action'
  activesupport (3.2.13) lib/active_support/notifications.rb:123:in `block in instrument'
  activesupport (3.2.13) lib/active_support/notifications/instrumenter.rb:20:in `instrument'
  activesupport (3.2.13) lib/active_support/notifications.rb:123:in `instrument'
  actionpack (3.2.13) lib/action_controller/metal/instrumentation.rb:29:in `process_action'
  actionpack (3.2.13) lib/action_controller/metal/params_wrapper.rb:207:in `process_action'
  activerecord (3.2.13) lib/active_record/railties/controller_runtime.rb:18:in `process_action'
  actionpack (3.2.13) lib/abstract_controller/base.rb:121:in `process'
  actionpack (3.2.13) lib/abstract_controller/rendering.rb:45:in `process'
  actionpack (3.2.13) lib/action_controller/metal.rb:203:in `dispatch'
  actionpack (3.2.13) lib/action_controller/metal/rack_delegation.rb:14:in `dispatch'
  actionpack (3.2.13) lib/action_controller/metal.rb:246:in `block in action'
  actionpack (3.2.13) lib/action_dispatch/routing/route_set.rb:73:in `call'
  actionpack (3.2.13) lib/action_dispatch/routing/route_set.rb:73:in `dispatch'
  actionpack (3.2.13) lib/action_dispatch/routing/route_set.rb:36:in `call'
  journey (1.0.4) lib/journey/router.rb:68:in `block in call'
  journey (1.0.4) lib/journey/router.rb:56:in `each'
  journey (1.0.4) lib/journey/router.rb:56:in `call'
  actionpack (3.2.13) lib/action_dispatch/routing/route_set.rb:612:in `call'
  actionpack (3.2.13) lib/action_dispatch/middleware/best_standards_support.rb:17:in `call'
  rack (1.4.5) lib/rack/etag.rb:23:in `call'
  rack (1.4.5) lib/rack/conditionalget.rb:25:in `call'
  actionpack (3.2.13) lib/action_dispatch/middleware/head.rb:14:in `call'
  actionpack (3.2.13) lib/action_dispatch/middleware/params_parser.rb:21:in `call'
  actionpack (3.2.13) lib/action_dispatch/middleware/flash.rb:242:in `call'
  rack (1.4.5) lib/rack/session/abstract/id.rb:210:in `context'
  rack (1.4.5) lib/rack/session/abstract/id.rb:205:in `call'
  actionpack (3.2.13) lib/action_dispatch/middleware/cookies.rb:341:in `call'
  activerecord (3.2.13) lib/active_record/query_cache.rb:64:in `call'
  activerecord (3.2.13) lib/active_record/connection_adapters/abstract/connection_pool.rb:479:in `call'
  actionpack (3.2.13) lib/action_dispatch/middleware/callbacks.rb:28:in `block in call'
  activesupport (3.2.13) lib/active_support/callbacks.rb:405:in `_run__116643313__call__657339367__callbacks'
  activesupport (3.2.13) lib/active_support/callbacks.rb:405:in `__run_callback'
  activesupport (3.2.13) lib/active_support/callbacks.rb:385:in `_run_call_callbacks'
  activesupport (3.2.13) lib/active_support/callbacks.rb:81:in `run_callbacks'
  actionpack (3.2.13) lib/action_dispatch/middleware/callbacks.rb:27:in `call'
  actionpack (3.2.13) lib/action_dispatch/middleware/reloader.rb:65:in `call'
  actionpack (3.2.13) lib/action_dispatch/middleware/remote_ip.rb:31:in `call'
  actionpack (3.2.13) lib/action_dispatch/middleware/debug_exceptions.rb:16:in `call'
  actionpack (3.2.13) lib/action_dispatch/middleware/show_exceptions.rb:56:in `call'
  railties (3.2.13) lib/rails/rack/logger.rb:32:in `call_app'
  railties (3.2.13) lib/rails/rack/logger.rb:16:in `block in call'
  activesupport (3.2.13) lib/active_support/tagged_logging.rb:22:in `tagged'
  railties (3.2.13) lib/rails/rack/logger.rb:16:in `call'
  actionpack (3.2.13) lib/action_dispatch/middleware/request_id.rb:22:in `call'
  rack (1.4.5) lib/rack/methodoverride.rb:21:in `call'
  rack (1.4.5) lib/rack/runtime.rb:17:in `call'
  activesupport (3.2.13) lib/active_support/cache/strategy/local_cache.rb:72:in `call'
  rack (1.4.5) lib/rack/lock.rb:15:in `call'
  actionpack (3.2.13) lib/action_dispatch/middleware/static.rb:63:in `call'
  railties (3.2.13) lib/rails/engine.rb:479:in `call'
  railties (3.2.13) lib/rails/application.rb:223:in `call'
  rack (1.4.5) lib/rack/content_length.rb:14:in `call'
  railties (3.2.13) lib/rails/rack/log_tailer.rb:17:in `call'
  rack (1.4.5) lib/rack/handler/webrick.rb:59:in `service'
  /home/vagrant/.rbenv/versions/1.9.3-p392/lib/ruby/1.9.1/webrick/httpserver.rb:138:in `service'
  /home/vagrant/.rbenv/versions/1.9.3-p392/lib/ruby/1.9.1/webrick/httpserver.rb:94:in `run'
  /home/vagrant/.rbenv/versions/1.9.3-p392/lib/ruby/1.9.1/webrick/server.rb:191:in `block in start_thread'


  Rendered /home/vagrant/.rbenv/versions/1.9.3-p392/lib/ruby/gems/1.9.1/gems/actionpack-3.2.13/lib/action_dispatch/middleware/templates/rescues/missing_template.erb within rescues/layout (0.3ms)
Connecting to database specified by database.yml


Started GET "/" for 10.0.2.2 at 2013-06-30 07:32:26 -0400
Processing by WelcomeController#index as HTML
  Rendered welcome/index.html within layouts/application (1.9ms)
Compiled application.css  (0ms)  (pid 3858)
Compiled jquery.js  (11ms)  (pid 3858)
Compiled jquery_ujs.js  (0ms)  (pid 3858)
Compiled application.js  (34ms)  (pid 3858)
Completed 500 Internal Server Error in 134ms

ActionView::Template::Error (undefined method `user_signed_in?' for #<#<Class:0x9d475e8>:0x9d45e00>):
    15:           %a.btn.btn-navbar{"data-target" => ".nav-collapse", "data-toggle" => "collapse"}
    16:             %span.icon-bar
    17:           %a.brand{href: "#"} twiLater
    18:           = render partial: 'layouts/navbar_user' if user_signed_in?
    19:     .container
    20:       .content
    21:         .row
  app/views/layouts/application.html.haml:18:in `_app_views_layouts_application_html_haml___716413450_80947440'


  Rendered /home/vagrant/.rbenv/versions/1.9.3-p392/lib/ruby/gems/1.9.1/gems/actionpack-3.2.13/lib/action_dispatch/middleware/templates/rescues/_trace.erb (0.9ms)
  Rendered /home/vagrant/.rbenv/versions/1.9.3-p392/lib/ruby/gems/1.9.1/gems/actionpack-3.2.13/lib/action_dispatch/middleware/templates/rescues/_request_and_response.erb (0.6ms)
  Rendered /home/vagrant/.rbenv/versions/1.9.3-p392/lib/ruby/gems/1.9.1/gems/actionpack-3.2.13/lib/action_dispatch/middleware/templates/rescues/template_error.erb within rescues/layout (14.8ms)


Started GET "/" for 10.0.2.2 at 2013-06-30 07:32:54 -0400
Processing by WelcomeController#index as HTML
  Rendered welcome/index.html within layouts/application (0.0ms)
Completed 500 Internal Server Error in 15ms

ActionView::Template::Error (Missing partial layouts/navbar_user with {:locale=>[:en], :formats=>[:html], :handlers=>[:erb, :builder, :coffee, :haml]}. Searched in:
  * "/home/vagrant/github/biimail/app/views"
  * "/home/vagrant/.rbenv/versions/1.9.3-p392/lib/ruby/gems/1.9.1/gems/twitter-bootstrap-rails-2.2.7/app/views"
):
    15:           %a.btn.btn-navbar{"data-target" => ".nav-collapse", "data-toggle" => "collapse"}
    16:             %span.icon-bar
    17:           %a.brand{href: "#"} twiLater
    18:           = render partial: 'layouts/navbar_user' 
    19:     .container
    20:       .content
    21:         .row
  app/views/layouts/application.html.haml:18:in `_app_views_layouts_application_html_haml___716413450_82758200'


  Rendered /home/vagrant/.rbenv/versions/1.9.3-p392/lib/ruby/gems/1.9.1/gems/actionpack-3.2.13/lib/action_dispatch/middleware/templates/rescues/_trace.erb (0.9ms)
  Rendered /home/vagrant/.rbenv/versions/1.9.3-p392/lib/ruby/gems/1.9.1/gems/actionpack-3.2.13/lib/action_dispatch/middleware/templates/rescues/_request_and_response.erb (0.6ms)
  Rendered /home/vagrant/.rbenv/versions/1.9.3-p392/lib/ruby/gems/1.9.1/gems/actionpack-3.2.13/lib/action_dispatch/middleware/templates/rescues/template_error.erb within rescues/layout (9.0ms)


Started GET "/" for 10.0.2.2 at 2013-06-30 07:33:02 -0400
Processing by WelcomeController#index as HTML
  Rendered welcome/index.html within layouts/application (0.3ms)
Completed 500 Internal Server Error in 12ms

ActionView::Template::Error (Missing partial layouts/messages with {:locale=>[:en], :formats=>[:html], :handlers=>[:erb, :builder, :coffee, :haml]}. Searched in:
  * "/home/vagrant/github/biimail/app/views"
  * "/home/vagrant/.rbenv/versions/1.9.3-p392/lib/ruby/gems/1.9.1/gems/twitter-bootstrap-rails-2.2.7/app/views"
):
    20:       .content
    21:         .row
    22:           .span12
    23:             = render 'layouts/messages'
    24:             = yield
    25:         %footer
  app/views/layouts/application.html.haml:23:in `_app_views_layouts_application_html_haml___716413450_79530320'


  Rendered /home/vagrant/.rbenv/versions/1.9.3-p392/lib/ruby/gems/1.9.1/gems/actionpack-3.2.13/lib/action_dispatch/middleware/templates/rescues/_trace.erb (1.0ms)
  Rendered /home/vagrant/.rbenv/versions/1.9.3-p392/lib/ruby/gems/1.9.1/gems/actionpack-3.2.13/lib/action_dispatch/middleware/templates/rescues/_request_and_response.erb (1.0ms)
  Rendered /home/vagrant/.rbenv/versions/1.9.3-p392/lib/ruby/gems/1.9.1/gems/actionpack-3.2.13/lib/action_dispatch/middleware/templates/rescues/template_error.erb within rescues/layout (11.6ms)


Started GET "/" for 10.0.2.2 at 2013-06-30 07:33:12 -0400
Processing by WelcomeController#index as HTML
  Rendered welcome/index.html within layouts/application (0.0ms)
Completed 200 OK in 11ms (Views: 11.0ms | ActiveRecord: 0.0ms)


Started GET "/assets/application.css?body=1" for 10.0.2.2 at 2013-06-30 07:33:12 -0400
Served asset /application.css - 200 OK (3ms)


Started GET "/assets/jquery.js?body=1" for 10.0.2.2 at 2013-06-30 07:33:12 -0400
Served asset /jquery.js - 200 OK (4ms)


Started GET "/assets/jquery_ujs.js?body=1" for 10.0.2.2 at 2013-06-30 07:33:12 -0400
Served asset /jquery_ujs.js - 200 OK (1ms)


Started GET "/assets/application.js?body=1" for 10.0.2.2 at 2013-06-30 07:33:12 -0400
Served asset /application.js - 200 OK (21ms)


Started GET "/" for 10.0.2.2 at 2013-06-30 07:33:13 -0400
Processing by WelcomeController#index as HTML
  Rendered welcome/index.html within layouts/application (0.1ms)
Completed 200 OK in 6ms (Views: 6.2ms | ActiveRecord: 0.0ms)


Started GET "/assets/jquery.js?body=1" for 10.0.2.2 at 2013-06-30 07:33:13 -0400
Served asset /jquery.js - 304 Not Modified (0ms)


Started GET "/assets/jquery_ujs.js?body=1" for 10.0.2.2 at 2013-06-30 07:33:13 -0400
Served asset /jquery_ujs.js - 304 Not Modified (0ms)


Started GET "/assets/application.css?body=1" for 10.0.2.2 at 2013-06-30 07:33:13 -0400
Served asset /application.css - 304 Not Modified (0ms)


Started GET "/assets/application.js?body=1" for 10.0.2.2 at 2013-06-30 07:33:13 -0400
Served asset /application.js - 304 Not Modified (2ms)


Started GET "/" for 10.0.2.2 at 2013-06-30 07:34:55 -0400
Processing by WelcomeController#index as HTML
  Rendered welcome/index.html within layouts/application (0.1ms)
  Rendered layouts/_navbar_user.html.haml (8.2ms)
Completed 500 Internal Server Error in 19ms

ActionView::Template::Error (undefined method `active?' for #<#<Class:0x9d475e8>:0x9dd38b8>):
    1: %ul.nav
    2:   %li{class: active?(:contents)}= link_to "Contents", contents_path
    3:   %li{class: active?(:identities)}= link_to "Accounts", identities_path
    4: = link_to "Sign out", signout_path, class: "btn pull-right", method: :delete if user_signed_in?
  app/views/layouts/_navbar_user.html.haml:2:in `_app_views_layouts__navbar_user_html_haml__830749582_83034940'
  app/views/layouts/application.html.haml:18:in `_app_views_layouts_application_html_haml___716413450_82739340'


  Rendered /home/vagrant/.rbenv/versions/1.9.3-p392/lib/ruby/gems/1.9.1/gems/actionpack-3.2.13/lib/action_dispatch/middleware/templates/rescues/_trace.erb (0.8ms)
  Rendered /home/vagrant/.rbenv/versions/1.9.3-p392/lib/ruby/gems/1.9.1/gems/actionpack-3.2.13/lib/action_dispatch/middleware/templates/rescues/_request_and_response.erb (0.5ms)
  Rendered /home/vagrant/.rbenv/versions/1.9.3-p392/lib/ruby/gems/1.9.1/gems/actionpack-3.2.13/lib/action_dispatch/middleware/templates/rescues/template_error.erb within rescues/layout (8.3ms)


Started GET "/" for 10.0.2.2 at 2013-06-30 07:35:11 -0400
Processing by WelcomeController#index as HTML
  Rendered welcome/index.html within layouts/application (0.4ms)
  Rendered layouts/_navbar_user.html.haml (1.3ms)
Completed 200 OK in 10ms (Views: 10.1ms | ActiveRecord: 0.0ms)


Started GET "/assets/jquery.js?body=1" for 10.0.2.2 at 2013-06-30 07:35:11 -0400
Served asset /jquery.js - 304 Not Modified (0ms)


Started GET "/assets/jquery_ujs.js?body=1" for 10.0.2.2 at 2013-06-30 07:35:11 -0400
Served asset /jquery_ujs.js - 304 Not Modified (0ms)


Started GET "/assets/application.css?body=1" for 10.0.2.2 at 2013-06-30 07:35:11 -0400
Served asset /application.css - 304 Not Modified (1ms)


Started GET "/assets/application.js?body=1" for 10.0.2.2 at 2013-06-30 07:35:12 -0400
Served asset /application.js - 304 Not Modified (2ms)
Connecting to database specified by database.yml


Started GET "/" for 10.0.2.2 at 2013-06-30 07:36:19 -0400
Processing by WelcomeController#index as HTML
  Rendered welcome/index.html within layouts/application (1.8ms)
  Rendered layouts/_navbar_user.html.haml (0.7ms)
Completed 200 OK in 68ms (Views: 67.3ms | ActiveRecord: 0.0ms)


Started GET "/assets/jquery_ujs.js?body=1" for 10.0.2.2 at 2013-06-30 07:36:19 -0400
Served asset /jquery_ujs.js - 304 Not Modified (2ms)


Started GET "/assets/application.css?body=1" for 10.0.2.2 at 2013-06-30 07:36:19 -0400
Served asset /application.css - 304 Not Modified (1ms)


Started GET "/assets/jquery.js?body=1" for 10.0.2.2 at 2013-06-30 07:36:19 -0400
Served asset /jquery.js - 304 Not Modified (4ms)


Started GET "/assets/application.js?body=1" for 10.0.2.2 at 2013-06-30 07:36:19 -0400
Served asset /application.js - 304 Not Modified (9ms)


Started GET "/" for 10.0.2.2 at 2013-06-30 07:36:20 -0400
Processing by WelcomeController#index as HTML
  Rendered welcome/index.html within layouts/application (0.1ms)
  Rendered layouts/_navbar_user.html.haml (0.1ms)
Completed 200 OK in 12ms (Views: 11.1ms | ActiveRecord: 0.0ms)


Started GET "/assets/jquery_ujs.js?body=1" for 10.0.2.2 at 2013-06-30 07:36:21 -0400
Served asset /jquery_ujs.js - 304 Not Modified (0ms)


Started GET "/assets/jquery.js?body=1" for 10.0.2.2 at 2013-06-30 07:36:21 -0400
Served asset /jquery.js - 304 Not Modified (0ms)


Started GET "/assets/application.css?body=1" for 10.0.2.2 at 2013-06-30 07:36:21 -0400
Served asset /application.css - 304 Not Modified (0ms)


Started GET "/assets/application.js?body=1" for 10.0.2.2 at 2013-06-30 07:36:21 -0400
Served asset /application.js - 304 Not Modified (1ms)
Connecting to database specified by database.yml
Connecting to database specified by database.yml


Started GET "/" for 10.0.2.2 at 2013-06-30 07:37:22 -0400
Processing by WelcomeController#index as HTML
  Rendered welcome/index.html within layouts/application (4.7ms)
Compiled bootstrap_and_overrides.css  (695ms)  (pid 4334)
Compiled application.css  (720ms)  (pid 4334)
Compiled twitter/bootstrap/bootstrap-transition.js  (0ms)  (pid 4334)
Compiled twitter/bootstrap/bootstrap-alert.js  (0ms)  (pid 4334)
Compiled twitter/bootstrap/bootstrap-modal.js  (0ms)  (pid 4334)
Compiled twitter/bootstrap/bootstrap-dropdown.js  (0ms)  (pid 4334)
Compiled twitter/bootstrap/bootstrap-scrollspy.js  (0ms)  (pid 4334)
Compiled twitter/bootstrap/bootstrap-tab.js  (0ms)  (pid 4334)
Compiled twitter/bootstrap/bootstrap-tooltip.js  (0ms)  (pid 4334)
Compiled twitter/bootstrap/bootstrap-popover.js  (0ms)  (pid 4334)
Compiled twitter/bootstrap/bootstrap-button.js  (0ms)  (pid 4334)
Compiled twitter/bootstrap/bootstrap-collapse.js  (0ms)  (pid 4334)
Compiled twitter/bootstrap/bootstrap-carousel.js  (0ms)  (pid 4334)
Compiled twitter/bootstrap/bootstrap-typeahead.js  (0ms)  (pid 4334)
Compiled twitter/bootstrap/bootstrap-affix.js  (0ms)  (pid 4334)
Compiled twitter/bootstrap.js  (165ms)  (pid 4334)
Compiled bootstrap.js  (94ms)  (pid 4334)
Compiled application.js  (287ms)  (pid 4334)
  Rendered layouts/_navbar_user.html.haml (0.6ms)
Completed 200 OK in 1096ms (Views: 1096.2ms | ActiveRecord: 0.0ms)


Started GET "/assets/application.css?body=1" for 10.0.2.2 at 2013-06-30 07:37:23 -0400
Served asset /application.css - 304 Not Modified (21ms)


Started GET "/assets/twitter/bootstrap/bootstrap-transition.js?body=1" for 10.0.2.2 at 2013-06-30 07:37:23 -0400
Served asset /twitter/bootstrap/bootstrap-transition.js - 200 OK (4ms)


Started GET "/assets/bootstrap_and_overrides.css?body=1" for 10.0.2.2 at 2013-06-30 07:37:23 -0400
Served asset /bootstrap_and_overrides.css - 200 OK (2ms)


Started GET "/assets/jquery.js?body=1" for 10.0.2.2 at 2013-06-30 07:37:23 -0400
Served asset /jquery.js - 304 Not Modified (11ms)


Started GET "/assets/jquery_ujs.js?body=1" for 10.0.2.2 at 2013-06-30 07:37:23 -0400
Served asset /jquery_ujs.js - 304 Not Modified (4ms)


Started GET "/assets/twitter/bootstrap/bootstrap-alert.js?body=1" for 10.0.2.2 at 2013-06-30 07:37:23 -0400
Served asset /twitter/bootstrap/bootstrap-alert.js - 200 OK (3ms)


Started GET "/assets/twitter/bootstrap/bootstrap-modal.js?body=1" for 10.0.2.2 at 2013-06-30 07:37:23 -0400
Served asset /twitter/bootstrap/bootstrap-modal.js - 200 OK (1ms)


Started GET "/assets/twitter/bootstrap/bootstrap-dropdown.js?body=1" for 10.0.2.2 at 2013-06-30 07:37:23 -0400
Served asset /twitter/bootstrap/bootstrap-dropdown.js - 200 OK (7ms)


Started GET "/assets/twitter/bootstrap/bootstrap-scrollspy.js?body=1" for 10.0.2.2 at 2013-06-30 07:37:23 -0400
Served asset /twitter/bootstrap/bootstrap-scrollspy.js - 200 OK (4ms)


Started GET "/assets/twitter/bootstrap/bootstrap-tab.js?body=1" for 10.0.2.2 at 2013-06-30 07:37:23 -0400
Served asset /twitter/bootstrap/bootstrap-tab.js - 200 OK (1ms)


Started GET "/assets/twitter/bootstrap/bootstrap-tooltip.js?body=1" for 10.0.2.2 at 2013-06-30 07:37:23 -0400
Served asset /twitter/bootstrap/bootstrap-tooltip.js - 200 OK (4ms)


Started GET "/assets/twitter/bootstrap/bootstrap-popover.js?body=1" for 10.0.2.2 at 2013-06-30 07:37:23 -0400
Served asset /twitter/bootstrap/bootstrap-popover.js - 200 OK (2ms)


Started GET "/assets/twitter/bootstrap/bootstrap-button.js?body=1" for 10.0.2.2 at 2013-06-30 07:37:23 -0400
Served asset /twitter/bootstrap/bootstrap-button.js - 200 OK (1ms)


Started GET "/assets/twitter/bootstrap/bootstrap-collapse.js?body=1" for 10.0.2.2 at 2013-06-30 07:37:23 -0400
Served asset /twitter/bootstrap/bootstrap-collapse.js - 200 OK (1ms)


Started GET "/assets/twitter/bootstrap/bootstrap-carousel.js?body=1" for 10.0.2.2 at 2013-06-30 07:37:23 -0400
Served asset /twitter/bootstrap/bootstrap-carousel.js - 200 OK (5ms)


Started GET "/assets/twitter/bootstrap/bootstrap-typeahead.js?body=1" for 10.0.2.2 at 2013-06-30 07:37:23 -0400
Served asset /twitter/bootstrap/bootstrap-typeahead.js - 200 OK (2ms)


Started GET "/assets/twitter/bootstrap/bootstrap-affix.js?body=1" for 10.0.2.2 at 2013-06-30 07:37:23 -0400
Served asset /twitter/bootstrap/bootstrap-affix.js - 200 OK (3ms)


Started GET "/assets/twitter/bootstrap.js?body=1" for 10.0.2.2 at 2013-06-30 07:37:23 -0400
Served asset /twitter/bootstrap.js - 200 OK (21ms)


Started GET "/assets/bootstrap.js?body=1" for 10.0.2.2 at 2013-06-30 07:37:23 -0400
Served asset /bootstrap.js - 200 OK (1ms)


Started GET "/assets/application.js?body=1" for 10.0.2.2 at 2013-06-30 07:37:23 -0400
Served asset /application.js - 200 OK (22ms)


Started GET "/assets/fontawesome-webfont.woff" for 10.0.2.2 at 2013-06-30 07:37:26 -0400
Served asset /fontawesome-webfont.woff - 200 OK (36ms)
Connecting to database specified by database.yml


Started GET "/" for 10.0.2.2 at 2013-06-30 07:39:39 -0400
Processing by WelcomeController#index as HTML
  Rendered welcome/index.html within layouts/application (2.2ms)
Completed 500 Internal Server Error in 677ms

ActionView::Template::Error ('fontawesome.less' wasn't found.

  (in /home/vagrant/github/biimail/app/assets/stylesheets/bootstrap_and_overrides.css.less)):
    4:     %title biimail
    5:     /[if lt IE 9]
    6:       <script src="http://html5shim.googlecode.com/svn/trunk/html5.js" type="text/javascript"></script>
    7:     = stylesheet_link_tag    "application", :media => "all"
    8:     = javascript_include_tag "application"
    9:     = csrf_meta_tags
    10:     %meta{content: "width=device-width, initial-scale=1.0", name: "viewport"}/
  app/views/layouts/application.html.haml:7:in `_app_views_layouts_application_html_haml___694687471_79181430'


  Rendered /home/vagrant/.rbenv/versions/1.9.3-p392/lib/ruby/gems/1.9.1/gems/actionpack-3.2.13/lib/action_dispatch/middleware/templates/rescues/_trace.erb (1.6ms)
  Rendered /home/vagrant/.rbenv/versions/1.9.3-p392/lib/ruby/gems/1.9.1/gems/actionpack-3.2.13/lib/action_dispatch/middleware/templates/rescues/_request_and_response.erb (0.9ms)
  Rendered /home/vagrant/.rbenv/versions/1.9.3-p392/lib/ruby/gems/1.9.1/gems/actionpack-3.2.13/lib/action_dispatch/middleware/templates/rescues/template_error.erb within rescues/layout (10.2ms)
Connecting to database specified by database.yml


Started GET "/" for 10.0.2.2 at 2013-06-30 07:40:21 -0400
Processing by WelcomeController#index as HTML
  Rendered welcome/index.html within layouts/application (2.1ms)
Compiled bootstrap_and_overrides.css  (620ms)  (pid 4567)
Compiled application.css  (1ms)  (pid 4567)
  Rendered layouts/_navbar_user.html.haml (0.7ms)
Completed 200 OK in 730ms (Views: 729.6ms | ActiveRecord: 0.0ms)


Started GET "/assets/jquery.js?body=1" for 10.0.2.2 at 2013-06-30 07:40:22 -0400
Served asset /jquery.js - 304 Not Modified (13ms)


Started GET "/assets/jquery_ujs.js?body=1" for 10.0.2.2 at 2013-06-30 07:40:22 -0400
Served asset /jquery_ujs.js - 304 Not Modified (1ms)


Started GET "/assets/twitter/bootstrap/bootstrap-alert.js?body=1" for 10.0.2.2 at 2013-06-30 07:40:22 -0400
Served asset /twitter/bootstrap/bootstrap-alert.js - 304 Not Modified (5ms)


Started GET "/assets/twitter/bootstrap/bootstrap-transition.js?body=1" for 10.0.2.2 at 2013-06-30 07:40:22 -0400
Served asset /twitter/bootstrap/bootstrap-transition.js - 304 Not Modified (2ms)


Started GET "/assets/bootstrap_and_overrides.css?body=1" for 10.0.2.2 at 2013-06-30 07:40:22 -0400
Served asset /bootstrap_and_overrides.css - 200 OK (4ms)


Started GET "/assets/application.css?body=1" for 10.0.2.2 at 2013-06-30 07:40:22 -0400
Served asset /application.css - 304 Not Modified (2ms)


Started GET "/assets/twitter/bootstrap/bootstrap-modal.js?body=1" for 10.0.2.2 at 2013-06-30 07:40:22 -0400
Served asset /twitter/bootstrap/bootstrap-modal.js - 304 Not Modified (1ms)


Started GET "/assets/twitter/bootstrap/bootstrap-dropdown.js?body=1" for 10.0.2.2 at 2013-06-30 07:40:22 -0400
Served asset /twitter/bootstrap/bootstrap-dropdown.js - 304 Not Modified (6ms)


Started GET "/assets/twitter/bootstrap/bootstrap-scrollspy.js?body=1" for 10.0.2.2 at 2013-06-30 07:40:22 -0400
Served asset /twitter/bootstrap/bootstrap-scrollspy.js - 304 Not Modified (9ms)


Started GET "/assets/twitter/bootstrap/bootstrap-tab.js?body=1" for 10.0.2.2 at 2013-06-30 07:40:22 -0400
Served asset /twitter/bootstrap/bootstrap-tab.js - 304 Not Modified (3ms)


Started GET "/assets/twitter/bootstrap/bootstrap-tooltip.js?body=1" for 10.0.2.2 at 2013-06-30 07:40:22 -0400
Served asset /twitter/bootstrap/bootstrap-tooltip.js - 304 Not Modified (3ms)


Started GET "/assets/twitter/bootstrap/bootstrap-popover.js?body=1" for 10.0.2.2 at 2013-06-30 07:40:22 -0400
Served asset /twitter/bootstrap/bootstrap-popover.js - 304 Not Modified (1ms)


Started GET "/assets/twitter/bootstrap/bootstrap-button.js?body=1" for 10.0.2.2 at 2013-06-30 07:40:22 -0400
Served asset /twitter/bootstrap/bootstrap-button.js - 304 Not Modified (2ms)


Started GET "/assets/twitter/bootstrap/bootstrap-collapse.js?body=1" for 10.0.2.2 at 2013-06-30 07:40:23 -0400
Served asset /twitter/bootstrap/bootstrap-collapse.js - 304 Not Modified (4ms)


Started GET "/assets/twitter/bootstrap/bootstrap-carousel.js?body=1" for 10.0.2.2 at 2013-06-30 07:40:23 -0400
Served asset /twitter/bootstrap/bootstrap-carousel.js - 304 Not Modified (2ms)


Started GET "/assets/twitter/bootstrap/bootstrap-typeahead.js?body=1" for 10.0.2.2 at 2013-06-30 07:40:23 -0400
Served asset /twitter/bootstrap/bootstrap-typeahead.js - 304 Not Modified (8ms)


Started GET "/assets/twitter/bootstrap/bootstrap-affix.js?body=1" for 10.0.2.2 at 2013-06-30 07:40:23 -0400
Served asset /twitter/bootstrap/bootstrap-affix.js - 304 Not Modified (4ms)


Started GET "/assets/twitter/bootstrap.js?body=1" for 10.0.2.2 at 2013-06-30 07:40:23 -0400
Served asset /twitter/bootstrap.js - 304 Not Modified (20ms)


Started GET "/assets/bootstrap.js?body=1" for 10.0.2.2 at 2013-06-30 07:40:23 -0400
Served asset /bootstrap.js - 304 Not Modified (1ms)


Started GET "/assets/application.js?body=1" for 10.0.2.2 at 2013-06-30 07:40:23 -0400
Served asset /application.js - 304 Not Modified (31ms)
Connecting to database specified by database.yml
Connecting to database specified by database.yml


Started GET "/" for 10.0.2.2 at 2013-06-30 07:42:10 -0400
Processing by WelcomeController#index as HTML
  Rendered welcome/index.html within layouts/application (2.0ms)
Compiled twitter-bootstrap-static/bootstrap.css  (26ms)  (pid 4698)
Compiled twitter-bootstrap-static/fontawesome.css  (12ms)  (pid 4698)
Compiled bootstrap_and_overrides.css  (67ms)  (pid 4698)
Compiled application.css  (72ms)  (pid 4698)
  Rendered layouts/_navbar_user.html.haml (0.6ms)
Completed 200 OK in 185ms (Views: 184.6ms | ActiveRecord: 0.0ms)


Started GET "/assets/application.css?body=1" for 10.0.2.2 at 2013-06-30 07:42:10 -0400
Served asset /application.css - 304 Not Modified (36ms)


Started GET "/assets/twitter-bootstrap-static/bootstrap.css?body=1" for 10.0.2.2 at 2013-06-30 07:42:10 -0400
Served asset /twitter-bootstrap-static/bootstrap.css - 200 OK (3ms)


Started GET "/assets/jquery.js?body=1" for 10.0.2.2 at 2013-06-30 07:42:10 -0400
Served asset /jquery.js - 304 Not Modified (5ms)


Started GET "/assets/twitter-bootstrap-static/fontawesome.css?body=1" for 10.0.2.2 at 2013-06-30 07:42:10 -0400
Served asset /twitter-bootstrap-static/fontawesome.css - 200 OK (3ms)


Started GET "/assets/jquery_ujs.js?body=1" for 10.0.2.2 at 2013-06-30 07:42:10 -0400
Served asset /jquery_ujs.js - 304 Not Modified (1ms)


Started GET "/assets/bootstrap_and_overrides.css?body=1" for 10.0.2.2 at 2013-06-30 07:42:10 -0400
Served asset /bootstrap_and_overrides.css - 200 OK (8ms)


Started GET "/assets/twitter/bootstrap/bootstrap-transition.js?body=1" for 10.0.2.2 at 2013-06-30 07:42:10 -0400
Served asset /twitter/bootstrap/bootstrap-transition.js - 304 Not Modified (1ms)


Started GET "/assets/twitter/bootstrap/bootstrap-alert.js?body=1" for 10.0.2.2 at 2013-06-30 07:42:10 -0400
Served asset /twitter/bootstrap/bootstrap-alert.js - 304 Not Modified (1ms)


Started GET "/assets/twitter/bootstrap/bootstrap-modal.js?body=1" for 10.0.2.2 at 2013-06-30 07:42:10 -0400
Served asset /twitter/bootstrap/bootstrap-modal.js - 304 Not Modified (2ms)


Started GET "/assets/twitter/bootstrap/bootstrap-dropdown.js?body=1" for 10.0.2.2 at 2013-06-30 07:42:10 -0400
Served asset /twitter/bootstrap/bootstrap-dropdown.js - 304 Not Modified (5ms)


Started GET "/assets/twitter/bootstrap/bootstrap-scrollspy.js?body=1" for 10.0.2.2 at 2013-06-30 07:42:10 -0400
Served asset /twitter/bootstrap/bootstrap-scrollspy.js - 304 Not Modified (2ms)


Started GET "/assets/twitter/bootstrap/bootstrap-tab.js?body=1" for 10.0.2.2 at 2013-06-30 07:42:10 -0400
Served asset /twitter/bootstrap/bootstrap-tab.js - 304 Not Modified (1ms)


Started GET "/assets/twitter/bootstrap/bootstrap-tooltip.js?body=1" for 10.0.2.2 at 2013-06-30 07:42:10 -0400
Served asset /twitter/bootstrap/bootstrap-tooltip.js - 304 Not Modified (3ms)


Started GET "/assets/twitter/bootstrap/bootstrap-popover.js?body=1" for 10.0.2.2 at 2013-06-30 07:42:10 -0400
Served asset /twitter/bootstrap/bootstrap-popover.js - 304 Not Modified (2ms)


Started GET "/assets/twitter/bootstrap/bootstrap-button.js?body=1" for 10.0.2.2 at 2013-06-30 07:42:10 -0400
Served asset /twitter/bootstrap/bootstrap-button.js - 304 Not Modified (2ms)


Started GET "/assets/twitter/bootstrap/bootstrap-collapse.js?body=1" for 10.0.2.2 at 2013-06-30 07:42:11 -0400
Served asset /twitter/bootstrap/bootstrap-collapse.js - 304 Not Modified (2ms)


Started GET "/assets/twitter/bootstrap/bootstrap-carousel.js?body=1" for 10.0.2.2 at 2013-06-30 07:42:11 -0400
Served asset /twitter/bootstrap/bootstrap-carousel.js - 304 Not Modified (1ms)


Started GET "/assets/twitter/bootstrap/bootstrap-typeahead.js?body=1" for 10.0.2.2 at 2013-06-30 07:42:11 -0400
Served asset /twitter/bootstrap/bootstrap-typeahead.js - 304 Not Modified (1ms)


Started GET "/assets/twitter/bootstrap/bootstrap-affix.js?body=1" for 10.0.2.2 at 2013-06-30 07:42:11 -0400
Served asset /twitter/bootstrap/bootstrap-affix.js - 304 Not Modified (2ms)


Started GET "/assets/twitter/bootstrap.js?body=1" for 10.0.2.2 at 2013-06-30 07:42:11 -0400
Served asset /twitter/bootstrap.js - 304 Not Modified (15ms)


Started GET "/assets/bootstrap.js?body=1" for 10.0.2.2 at 2013-06-30 07:42:11 -0400
Served asset /bootstrap.js - 304 Not Modified (2ms)


Started GET "/assets/application.js?body=1" for 10.0.2.2 at 2013-06-30 07:42:11 -0400
Served asset /application.js - 304 Not Modified (52ms)


Started GET "/assets/fontawesome-webfont.woff" for 10.0.2.2 at 2013-06-30 07:42:13 -0400
Served asset /fontawesome-webfont.woff - 304 Not Modified (4ms)


Started GET "/" for 10.0.2.2 at 2013-06-30 07:43:19 -0400
Processing by WelcomeController#index as HTML
  Rendered welcome/index.html.haml within layouts/application (2.3ms)
  Rendered layouts/_navbar_user.html.haml (0.0ms)
Completed 200 OK in 44ms (Views: 43.6ms | ActiveRecord: 0.0ms)


Started GET "/assets/jquery.js?body=1" for 10.0.2.2 at 2013-06-30 07:43:19 -0400
Served asset /jquery.js - 304 Not Modified (10ms)


Started GET "/assets/twitter-bootstrap-static/fontawesome.css?body=1" for 10.0.2.2 at 2013-06-30 07:43:19 -0400
Served asset /twitter-bootstrap-static/fontawesome.css - 304 Not Modified (0ms)


Started GET "/assets/bootstrap_and_overrides.css?body=1" for 10.0.2.2 at 2013-06-30 07:43:19 -0400
Served asset /bootstrap_and_overrides.css - 304 Not Modified (0ms)


Started GET "/assets/jquery_ujs.js?body=1" for 10.0.2.2 at 2013-06-30 07:43:19 -0400
Served asset /jquery_ujs.js - 304 Not Modified (0ms)


Started GET "/assets/twitter-bootstrap-static/bootstrap.css?body=1" for 10.0.2.2 at 2013-06-30 07:43:19 -0400
Served asset /twitter-bootstrap-static/bootstrap.css - 304 Not Modified (0ms)


Started GET "/assets/application.css?body=1" for 10.0.2.2 at 2013-06-30 07:43:19 -0400
Served asset /application.css - 304 Not Modified (1ms)


Started GET "/assets/twitter/bootstrap/bootstrap-alert.js?body=1" for 10.0.2.2 at 2013-06-30 07:43:19 -0400
Served asset /twitter/bootstrap/bootstrap-alert.js - 304 Not Modified (19ms)


Started GET "/assets/twitter/bootstrap/bootstrap-transition.js?body=1" for 10.0.2.2 at 2013-06-30 07:43:19 -0400
Served asset /twitter/bootstrap/bootstrap-transition.js - 304 Not Modified (1ms)


Started GET "/assets/twitter/bootstrap/bootstrap-modal.js?body=1" for 10.0.2.2 at 2013-06-30 07:43:19 -0400
Served asset /twitter/bootstrap/bootstrap-modal.js - 304 Not Modified (2ms)


Started GET "/assets/twitter/bootstrap/bootstrap-dropdown.js?body=1" for 10.0.2.2 at 2013-06-30 07:43:19 -0400
Served asset /twitter/bootstrap/bootstrap-dropdown.js - 304 Not Modified (0ms)


Started GET "/assets/twitter/bootstrap/bootstrap-scrollspy.js?body=1" for 10.0.2.2 at 2013-06-30 07:43:19 -0400
Served asset /twitter/bootstrap/bootstrap-scrollspy.js - 304 Not Modified (0ms)


Started GET "/assets/twitter/bootstrap/bootstrap-tab.js?body=1" for 10.0.2.2 at 2013-06-30 07:43:19 -0400
Served asset /twitter/bootstrap/bootstrap-tab.js - 304 Not Modified (0ms)


Started GET "/assets/twitter/bootstrap/bootstrap-tooltip.js?body=1" for 10.0.2.2 at 2013-06-30 07:43:20 -0400
Served asset /twitter/bootstrap/bootstrap-tooltip.js - 304 Not Modified (0ms)


Started GET "/assets/twitter/bootstrap/bootstrap-popover.js?body=1" for 10.0.2.2 at 2013-06-30 07:43:20 -0400
Served asset /twitter/bootstrap/bootstrap-popover.js - 304 Not Modified (0ms)


Started GET "/assets/twitter/bootstrap/bootstrap-button.js?body=1" for 10.0.2.2 at 2013-06-30 07:43:20 -0400
Served asset /twitter/bootstrap/bootstrap-button.js - 304 Not Modified (0ms)


Started GET "/assets/twitter/bootstrap/bootstrap-carousel.js?body=1" for 10.0.2.2 at 2013-06-30 07:43:20 -0400
Served asset /twitter/bootstrap/bootstrap-carousel.js - 304 Not Modified (0ms)


Started GET "/assets/twitter/bootstrap/bootstrap-typeahead.js?body=1" for 10.0.2.2 at 2013-06-30 07:43:20 -0400
Served asset /twitter/bootstrap/bootstrap-typeahead.js - 304 Not Modified (0ms)


Started GET "/assets/twitter/bootstrap/bootstrap-collapse.js?body=1" for 10.0.2.2 at 2013-06-30 07:43:20 -0400
Served asset /twitter/bootstrap/bootstrap-collapse.js - 304 Not Modified (0ms)


Started GET "/assets/twitter/bootstrap/bootstrap-affix.js?body=1" for 10.0.2.2 at 2013-06-30 07:43:20 -0400
Served asset /twitter/bootstrap/bootstrap-affix.js - 304 Not Modified (0ms)


Started GET "/assets/bootstrap.js?body=1" for 10.0.2.2 at 2013-06-30 07:43:20 -0400
Served asset /bootstrap.js - 304 Not Modified (2ms)


Started GET "/assets/twitter/bootstrap.js?body=1" for 10.0.2.2 at 2013-06-30 07:43:20 -0400
Served asset /twitter/bootstrap.js - 304 Not Modified (3ms)


Started GET "/assets/application.js?body=1" for 10.0.2.2 at 2013-06-30 07:43:20 -0400
Served asset /application.js - 304 Not Modified (2ms)


Started GET "/auth/twitter" for 10.0.2.2 at 2013-06-30 07:43:22 -0400

ActionController::RoutingError (No route matches [GET] "/auth/twitter"):
  actionpack (3.2.13) lib/action_dispatch/middleware/debug_exceptions.rb:21:in `call'
  actionpack (3.2.13) lib/action_dispatch/middleware/show_exceptions.rb:56:in `call'
  railties (3.2.13) lib/rails/rack/logger.rb:32:in `call_app'
  railties (3.2.13) lib/rails/rack/logger.rb:16:in `block in call'
  activesupport (3.2.13) lib/active_support/tagged_logging.rb:22:in `tagged'
  railties (3.2.13) lib/rails/rack/logger.rb:16:in `call'
  actionpack (3.2.13) lib/action_dispatch/middleware/request_id.rb:22:in `call'
  rack (1.4.5) lib/rack/methodoverride.rb:21:in `call'
  rack (1.4.5) lib/rack/runtime.rb:17:in `call'
  activesupport (3.2.13) lib/active_support/cache/strategy/local_cache.rb:72:in `call'
  rack (1.4.5) lib/rack/lock.rb:15:in `call'
  actionpack (3.2.13) lib/action_dispatch/middleware/static.rb:63:in `call'
  railties (3.2.13) lib/rails/engine.rb:479:in `call'
  railties (3.2.13) lib/rails/application.rb:223:in `call'
  rack (1.4.5) lib/rack/content_length.rb:14:in `call'
  railties (3.2.13) lib/rails/rack/log_tailer.rb:17:in `call'
  rack (1.4.5) lib/rack/handler/webrick.rb:59:in `service'
  /home/vagrant/.rbenv/versions/1.9.3-p392/lib/ruby/1.9.1/webrick/httpserver.rb:138:in `service'
  /home/vagrant/.rbenv/versions/1.9.3-p392/lib/ruby/1.9.1/webrick/httpserver.rb:94:in `run'
  /home/vagrant/.rbenv/versions/1.9.3-p392/lib/ruby/1.9.1/webrick/server.rb:191:in `block in start_thread'


  Rendered /home/vagrant/.rbenv/versions/1.9.3-p392/lib/ruby/gems/1.9.1/gems/actionpack-3.2.13/lib/action_dispatch/middleware/templates/rescues/routing_error.erb within rescues/layout (0.4ms)


Started GET "/" for 10.0.2.2 at 2013-06-30 07:43:51 -0400
Processing by WelcomeController#index as HTML
  Rendered welcome/index.html.haml within layouts/application (2.4ms)
  Rendered layouts/_navbar_user.html.haml (0.0ms)
Completed 200 OK in 54ms (Views: 54.1ms | ActiveRecord: 0.0ms)


Started GET "/assets/application.css?body=1" for 10.0.2.2 at 2013-06-30 07:43:51 -0400
Served asset /application.css - 304 Not Modified (1ms)


Started GET "/assets/jquery_ujs.js?body=1" for 10.0.2.2 at 2013-06-30 07:43:52 -0400
Served asset /jquery_ujs.js - 304 Not Modified (1ms)


Started GET "/assets/jquery.js?body=1" for 10.0.2.2 at 2013-06-30 07:43:52 -0400
Served asset /jquery.js - 304 Not Modified (0ms)


Started GET "/assets/bootstrap_and_overrides.css?body=1" for 10.0.2.2 at 2013-06-30 07:43:52 -0400
Served asset /bootstrap_and_overrides.css - 304 Not Modified (0ms)


Started GET "/assets/twitter-bootstrap-static/fontawesome.css?body=1" for 10.0.2.2 at 2013-06-30 07:43:52 -0400
Served asset /twitter-bootstrap-static/fontawesome.css - 304 Not Modified (0ms)


Started GET "/assets/twitter-bootstrap-static/bootstrap.css?body=1" for 10.0.2.2 at 2013-06-30 07:43:52 -0400
Served asset /twitter-bootstrap-static/bootstrap.css - 304 Not Modified (0ms)


Started GET "/assets/twitter/bootstrap/bootstrap-transition.js?body=1" for 10.0.2.2 at 2013-06-30 07:43:52 -0400
Served asset /twitter/bootstrap/bootstrap-transition.js - 304 Not Modified (0ms)


Started GET "/assets/twitter/bootstrap/bootstrap-alert.js?body=1" for 10.0.2.2 at 2013-06-30 07:43:52 -0400
Served asset /twitter/bootstrap/bootstrap-alert.js - 304 Not Modified (10ms)


Started GET "/assets/twitter/bootstrap/bootstrap-modal.js?body=1" for 10.0.2.2 at 2013-06-30 07:43:52 -0400
Served asset /twitter/bootstrap/bootstrap-modal.js - 304 Not Modified (2ms)


Started GET "/assets/twitter/bootstrap/bootstrap-dropdown.js?body=1" for 10.0.2.2 at 2013-06-30 07:43:52 -0400
Served asset /twitter/bootstrap/bootstrap-dropdown.js - 304 Not Modified (0ms)


Started GET "/assets/twitter/bootstrap/bootstrap-scrollspy.js?body=1" for 10.0.2.2 at 2013-06-30 07:43:52 -0400
Served asset /twitter/bootstrap/bootstrap-scrollspy.js - 304 Not Modified (1ms)


Started GET "/assets/twitter/bootstrap/bootstrap-tab.js?body=1" for 10.0.2.2 at 2013-06-30 07:43:52 -0400
Served asset /twitter/bootstrap/bootstrap-tab.js - 304 Not Modified (0ms)


Started GET "/assets/twitter/bootstrap/bootstrap-tooltip.js?body=1" for 10.0.2.2 at 2013-06-30 07:43:52 -0400
Served asset /twitter/bootstrap/bootstrap-tooltip.js - 304 Not Modified (0ms)


Started GET "/assets/twitter/bootstrap/bootstrap-popover.js?body=1" for 10.0.2.2 at 2013-06-30 07:43:52 -0400
Served asset /twitter/bootstrap/bootstrap-popover.js - 304 Not Modified (0ms)


Started GET "/assets/twitter/bootstrap/bootstrap-collapse.js?body=1" for 10.0.2.2 at 2013-06-30 07:43:52 -0400
Served asset /twitter/bootstrap/bootstrap-collapse.js - 304 Not Modified (8ms)


Started GET "/assets/twitter/bootstrap/bootstrap-button.js?body=1" for 10.0.2.2 at 2013-06-30 07:43:52 -0400
Served asset /twitter/bootstrap/bootstrap-button.js - 304 Not Modified (0ms)


Started GET "/assets/twitter/bootstrap/bootstrap-typeahead.js?body=1" for 10.0.2.2 at 2013-06-30 07:43:52 -0400
Served asset /twitter/bootstrap/bootstrap-typeahead.js - 304 Not Modified (1ms)


Started GET "/assets/twitter/bootstrap/bootstrap-carousel.js?body=1" for 10.0.2.2 at 2013-06-30 07:43:52 -0400
Served asset /twitter/bootstrap/bootstrap-carousel.js - 304 Not Modified (0ms)


Started GET "/assets/twitter/bootstrap/bootstrap-affix.js?body=1" for 10.0.2.2 at 2013-06-30 07:43:52 -0400
Served asset /twitter/bootstrap/bootstrap-affix.js - 304 Not Modified (0ms)


Started GET "/assets/twitter/bootstrap.js?body=1" for 10.0.2.2 at 2013-06-30 07:43:53 -0400
Served asset /twitter/bootstrap.js - 304 Not Modified (3ms)


Started GET "/assets/bootstrap.js?body=1" for 10.0.2.2 at 2013-06-30 07:43:53 -0400
Served asset /bootstrap.js - 304 Not Modified (0ms)


Started GET "/assets/application.js?body=1" for 10.0.2.2 at 2013-06-30 07:43:53 -0400
Served asset /application.js - 304 Not Modified (2ms)
